#
# A fatal error has been detected by the Java Runtime Environment:
#
#  SIGSEGV (0xb) at pc=0x00007f05b4ce21ed, pid=29, tid=55
#
# JRE version: OpenJDK Runtime Environment (17.0.7+7) (build 17.0.7+7-Ubuntu-0ubuntu122.04.2)
# Java VM: OpenJDK 64-Bit Server VM (17.0.7+7-Ubuntu-0ubuntu122.04.2, mixed mode, sharing, tiered, compressed oops, compressed class ptrs, g1 gc, linux-amd64)
# Problematic frame:
# V  [libjvm.so+0xce71ed]  SharedRuntime::generate_class_cast_message(Klass*, Klass*, Symbol*)+0x5d
#
# No core dump will be written. Core dumps have been disabled. To enable core dumping, try "ulimit -c unlimited" before starting Java again
#
# If you would like to submit a bug report, please visit:
#   Unknown
#

---------------  S U M M A R Y ------------

Command Line: -Dclassworlds.conf=/usr/share/maven/bin/m2.conf -Dmaven.home=/usr/share/maven -Dlibrary.jansi.path=/usr/share/maven/lib/jansi-native -Dmaven.multiModuleProjectDirectory=/mnt/c/Users/Alejandro/Desktop/ProyectoDistribuidos/my-app org.codehaus.plexus.classworlds.launcher.Launcher clean compile assembly:single

Host: AMD Ryzen 5 4500U with Radeon Graphics, 6 cores, 3G, Ubuntu 22.04.2 LTS
Time: Sat Jun 24 22:27:18 2023 CST elapsed time: 11.143030 seconds (0d 0h 0m 11s)

---------------  T H R E A D  ---------------

Current thread (0x00007f05ac014290):  JavaThread "main" [_thread_in_vm, id=55, stack(0x00007f05b3bca000,0x00007f05b3cca000)]

Stack: [0x00007f05b3bca000,0x00007f05b3cca000],  sp=0x00007f05b3cc6200,  free space=1008k
Native frames: (J=compiled Java code, j=interpreted, Vv=VM code, C=native code)
V  [libjvm.so+0xce71ed]  SharedRuntime::generate_class_cast_message(Klass*, Klass*, Symbol*)+0x5d
V  [libjvm.so+0xce9934]  SharedRuntime::generate_class_cast_message(JavaThread*, Klass*)+0xe4
V  [libjvm.so+0x82b64a]  InterpreterRuntime::throw_ClassCastException(JavaThread*, oopDesc*)+0x6a
j  org.apache.maven.plugin.CompoundMojoExecutionListener.afterExecutionFailure(Lorg/apache/maven/execution/MojoExecutionEvent;)V+25
j  org.apache.maven.plugin.DefaultBuildPluginManager.executeMojo(Lorg/apache/maven/execution/MavenSession;Lorg/apache/maven/plugin/MojoExecution;)V+673
j  org.apache.maven.lifecycle.internal.MojoExecutor.execute(Lorg/apache/maven/execution/MavenSession;Lorg/apache/maven/plugin/MojoExecution;Lorg/apache/maven/lifecycle/internal/ProjectIndex;Lorg/apache/maven/lifecycle/internal/DependencyContext;)V+215
j  org.apache.maven.lifecycle.internal.MojoExecutor.execute(Lorg/apache/maven/execution/MavenSession;Lorg/apache/maven/plugin/MojoExecution;Lorg/apache/maven/lifecycle/internal/ProjectIndex;Lorg/apache/maven/lifecycle/internal/DependencyContext;Lorg/apache/maven/lifecycle/internal/PhaseRecorder;)V+6
j  org.apache.maven.lifecycle.internal.MojoExecutor.execute(Lorg/apache/maven/execution/MavenSession;Ljava/util/List;Lorg/apache/maven/lifecycle/internal/ProjectIndex;)V+60
j  org.apache.maven.lifecycle.internal.LifecycleModuleBuilder.buildProject(Lorg/apache/maven/execution/MavenSession;Lorg/apache/maven/execution/MavenSession;Lorg/apache/maven/lifecycle/internal/ReactorContext;Lorg/apache/maven/project/MavenProject;Lorg/apache/maven/lifecycle/internal/TaskSegment;)V+179
j  org.apache.maven.lifecycle.internal.LifecycleModuleBuilder.buildProject(Lorg/apache/maven/execution/MavenSession;Lorg/apache/maven/lifecycle/internal/ReactorContext;Lorg/apache/maven/project/MavenProject;Lorg/apache/maven/lifecycle/internal/TaskSegment;)V+7
j  org.apache.maven.lifecycle.internal.builder.singlethreaded.SingleThreadedBuilder.build(Lorg/apache/maven/execution/MavenSession;Lorg/apache/maven/lifecycle/internal/ReactorContext;Lorg/apache/maven/lifecycle/internal/ProjectBuildList;Ljava/util/List;Lorg/apache/maven/lifecycle/internal/ReactorBuildStatus;)V+77
j  org.apache.maven.lifecycle.internal.LifecycleStarter.execute(Lorg/apache/maven/execution/MavenSession;)V+348
j  org.apache.maven.DefaultMaven.doExecute(Lorg/apache/maven/execution/MavenExecutionRequest;Lorg/apache/maven/execution/MavenSession;Lorg/apache/maven/execution/MavenExecutionResult;Lorg/eclipse/aether/DefaultRepositorySystemSession;)Lorg/apache/maven/execution/MavenExecutionResult;+425
j  org.apache.maven.DefaultMaven.doExecute(Lorg/apache/maven/execution/MavenExecutionRequest;)Lorg/apache/maven/execution/MavenExecutionResult;+98
j  org.apache.maven.DefaultMaven.execute(Lorg/apache/maven/execution/MavenExecutionRequest;)Lorg/apache/maven/execution/MavenExecutionResult;+2
j  org.apache.maven.cli.MavenCli.execute(Lorg/apache/maven/cli/CliRequest;)I+27
j  org.apache.maven.cli.MavenCli.doMain(Lorg/apache/maven/cli/CliRequest;)I+66
j  org.apache.maven.cli.MavenCli.main([Ljava/lang/String;Lorg/codehaus/plexus/classworlds/ClassWorld;)I+24
v  ~StubRoutines::call_stub
V  [libjvm.so+0x833045]  JavaCalls::call_helper(JavaValue*, methodHandle const&, JavaCallArguments*, JavaThread*)+0x325
V  [libjvm.so+0xcba1ae]  invoke(InstanceKlass*, methodHandle const&, Handle, bool, objArrayHandle, BasicType, objArrayHandle, bool, JavaThread*) [clone .constprop.0]+0x55e
V  [libjvm.so+0xcbb13b]  Reflection::invoke_method(oopDesc*, Handle, objArrayHandle, JavaThread*)+0x15b
V  [libjvm.so+0x908edb]  JVM_InvokeMethod+0x14b
j  jdk.internal.reflect.NativeMethodAccessorImpl.invoke0(Ljava/lang/reflect/Method;Ljava/lang/Object;[Ljava/lang/Object;)Ljava/lang/Object;+0 java.base@17.0.7
j  jdk.internal.reflect.NativeMethodAccessorImpl.invoke(Ljava/lang/Object;[Ljava/lang/Object;)Ljava/lang/Object;+133 java.base@17.0.7
j  jdk.internal.reflect.DelegatingMethodAccessorImpl.invoke(Ljava/lang/Object;[Ljava/lang/Object;)Ljava/lang/Object;+6 java.base@17.0.7
j  java.lang.reflect.Method.invoke(Ljava/lang/Object;[Ljava/lang/Object;)Ljava/lang/Object;+59 java.base@17.0.7
j  org.codehaus.plexus.classworlds.launcher.Launcher.launchEnhanced([Ljava/lang/String;)V+45
j  org.codehaus.plexus.classworlds.launcher.Launcher.launch([Ljava/lang/String;)V+2
j  org.codehaus.plexus.classworlds.launcher.Launcher.mainWithExitCode([Ljava/lang/String;)I+101
j  org.codehaus.plexus.classworlds.launcher.Launcher.main([Ljava/lang/String;)V+1
v  ~StubRoutines::call_stub
V  [libjvm.so+0x833045]  JavaCalls::call_helper(JavaValue*, methodHandle const&, JavaCallArguments*, JavaThread*)+0x325
V  [libjvm.so+0x8cf51a]  jni_invoke_static(JNIEnv_*, JavaValue*, _jobject*, JNICallType, _jmethodID*, JNI_ArgumentPusher*, JavaThread*) [clone .constprop.1]+0x3aa
V  [libjvm.so+0x8d2251]  jni_CallStaticVoidMethod+0x171
C  [libjli.so+0x4a25]  JavaMain+0xd75
C  [libjli.so+0x7fbd]  ThreadJavaMain+0xd

Java frames: (J=compiled Java code, j=interpreted, Vv=VM code)
j  org.apache.maven.plugin.CompoundMojoExecutionListener.afterExecutionFailure(Lorg/apache/maven/execution/MojoExecutionEvent;)V+25
j  org.apache.maven.plugin.DefaultBuildPluginManager.executeMojo(Lorg/apache/maven/execution/MavenSession;Lorg/apache/maven/plugin/MojoExecution;)V+673
j  org.apache.maven.lifecycle.internal.MojoExecutor.execute(Lorg/apache/maven/execution/MavenSession;Lorg/apache/maven/plugin/MojoExecution;Lorg/apache/maven/lifecycle/internal/ProjectIndex;Lorg/apache/maven/lifecycle/internal/DependencyContext;)V+215
j  org.apache.maven.lifecycle.internal.MojoExecutor.execute(Lorg/apache/maven/execution/MavenSession;Lorg/apache/maven/plugin/MojoExecution;Lorg/apache/maven/lifecycle/internal/ProjectIndex;Lorg/apache/maven/lifecycle/internal/DependencyContext;Lorg/apache/maven/lifecycle/internal/PhaseRecorder;)V+6
j  org.apache.maven.lifecycle.internal.MojoExecutor.execute(Lorg/apache/maven/execution/MavenSession;Ljava/util/List;Lorg/apache/maven/lifecycle/internal/ProjectIndex;)V+60
j  org.apache.maven.lifecycle.internal.LifecycleModuleBuilder.buildProject(Lorg/apache/maven/execution/MavenSession;Lorg/apache/maven/execution/MavenSession;Lorg/apache/maven/lifecycle/internal/ReactorContext;Lorg/apache/maven/project/MavenProject;Lorg/apache/maven/lifecycle/internal/TaskSegment;)V+179
j  org.apache.maven.lifecycle.internal.LifecycleModuleBuilder.buildProject(Lorg/apache/maven/execution/MavenSession;Lorg/apache/maven/lifecycle/internal/ReactorContext;Lorg/apache/maven/project/MavenProject;Lorg/apache/maven/lifecycle/internal/TaskSegment;)V+7
j  org.apache.maven.lifecycle.internal.builder.singlethreaded.SingleThreadedBuilder.build(Lorg/apache/maven/execution/MavenSession;Lorg/apache/maven/lifecycle/internal/ReactorContext;Lorg/apache/maven/lifecycle/internal/ProjectBuildList;Ljava/util/List;Lorg/apache/maven/lifecycle/internal/ReactorBuildStatus;)V+77
j  org.apache.maven.lifecycle.internal.LifecycleStarter.execute(Lorg/apache/maven/execution/MavenSession;)V+348
j  org.apache.maven.DefaultMaven.doExecute(Lorg/apache/maven/execution/MavenExecutionRequest;Lorg/apache/maven/execution/MavenSession;Lorg/apache/maven/execution/MavenExecutionResult;Lorg/eclipse/aether/DefaultRepositorySystemSession;)Lorg/apache/maven/execution/MavenExecutionResult;+425
j  org.apache.maven.DefaultMaven.doExecute(Lorg/apache/maven/execution/MavenExecutionRequest;)Lorg/apache/maven/execution/MavenExecutionResult;+98
j  org.apache.maven.DefaultMaven.execute(Lorg/apache/maven/execution/MavenExecutionRequest;)Lorg/apache/maven/execution/MavenExecutionResult;+2
j  org.apache.maven.cli.MavenCli.execute(Lorg/apache/maven/cli/CliRequest;)I+27
j  org.apache.maven.cli.MavenCli.doMain(Lorg/apache/maven/cli/CliRequest;)I+66
j  org.apache.maven.cli.MavenCli.main([Ljava/lang/String;Lorg/codehaus/plexus/classworlds/ClassWorld;)I+24
v  ~StubRoutines::call_stub
j  jdk.internal.reflect.NativeMethodAccessorImpl.invoke0(Ljava/lang/reflect/Method;Ljava/lang/Object;[Ljava/lang/Object;)Ljava/lang/Object;+0 java.base@17.0.7
j  jdk.internal.reflect.NativeMethodAccessorImpl.invoke(Ljava/lang/Object;[Ljava/lang/Object;)Ljava/lang/Object;+133 java.base@17.0.7
j  jdk.internal.reflect.DelegatingMethodAccessorImpl.invoke(Ljava/lang/Object;[Ljava/lang/Object;)Ljava/lang/Object;+6 java.base@17.0.7
j  java.lang.reflect.Method.invoke(Ljava/lang/Object;[Ljava/lang/Object;)Ljava/lang/Object;+59 java.base@17.0.7
j  org.codehaus.plexus.classworlds.launcher.Launcher.launchEnhanced([Ljava/lang/String;)V+45
j  org.codehaus.plexus.classworlds.launcher.Launcher.launch([Ljava/lang/String;)V+2
j  org.codehaus.plexus.classworlds.launcher.Launcher.mainWithExitCode([Ljava/lang/String;)I+101
j  org.codehaus.plexus.classworlds.launcher.Launcher.main([Ljava/lang/String;)V+1
v  ~StubRoutines::call_stub

siginfo: si_signo: 11 (SIGSEGV), si_code: 1 (SEGV_MAPERR), si_addr: 0x0000000000000088

Register to memory mapping:

RAX=0x0 is NULL
RBX=0x00007f05ac0148b0 points into unknown readable memory: 0x636170612e67726f | 6f 72 67 2e 61 70 61 63
RCX=0x0000000000000030 is an unknown value
RDX=0x00007f05ac0148b0 points into unknown readable memory: 0x636170612e67726f | 6f 72 67 2e 61 70 61 63
RSP=0x00007f05b3cc6200 is pointing into the stack for thread: 0x00007f05ac014290
RBP=0x00007f05b3cc6250 is pointing into the stack for thread: 0x00007f05ac014290
RSI=0x0000000000000030 is an unknown value
RDI=0x0000000800000000 is pointing into metadata
R8 =0x0000000000000001 is an unknown value
R9 =0x00007f059cafcb00 points into unknown readable memory: 0x00000000000002f8 | f8 02 00 00 00 00 00 00
R10=0x00007f05b3b85000 points into unknown readable memory: 0x0100050403020100 | 00 01 02 03 04 05 00 01
R11=0x0000000000000238 is an unknown value
R12=0x0000000800000000 is pointing into metadata
R13=0x00007f05ac0148a0 points into unknown readable memory: 0x0000000a00000000 | 00 00 00 00 0a 00 00 00
R14=0x0 is NULL
R15=0x00000008010c74f8 is a pointer to class: 
org.apache.maven.execution.MojoExecutionListener {0x00000008010c74f8}
 - instance size:     2
 - klass size:        64
 - access:            public interface abstract 
 - state:             linked
 - name:              'org/apache/maven/execution/MojoExecutionListener'
 - super:             'java/lang/Object'
 - sub:               
 - nof implementors:  2
 - arrays:            NULL
 - methods:           Array<T>(0x00007f057c735848)
 - method ordering:   Array<T>(0x0000000800930de0)
 - default_methods:   Array<T>(0x0000000000000000)
 - local interfaces:  Array<T>(0x00000008005ddb00)
 - trans. interfaces: Array<T>(0x00000008005ddb00)
 - constants:         constant pool [14] {0x00007f057c735760} for 'org/apache/maven/execution/MojoExecutionListener' cache=0x00007f057c736690
 - class loader data:  loader data: 0x00007f05ac1402f0 for instance a 'org/codehaus/plexus/classworlds/realm/ClassRealm'{0x00000000c7c00160}
 - source file:       'MojoExecutionListener.java'
 - class annotations:       Array<T>(0x0000000000000000)
 - class type annotations:  Array<T>(0x0000000000000000)
 - field annotations:       Array<T>(0x0000000000000000)
 - field type annotations:  Array<T>(0x0000000000000000)
 - inner classes:     Array<T>(0x00000008005dda90)
 - nest members:     Array<T>(0x00000008005dda90)
 - permitted subclasses:     Array<T>(0x00000008005dda90)
 - java mirror:       a 'java/lang/Class'{0x00000000c96a0780} = 'org/apache/maven/execution/MojoExecutionListener'
 - vtable length      5  (start addr: 0x00000008010c76c8)
 - itable length      0 (start addr: 0x00000008010c76f0)
 - ---- static fields (0 words):
 - ---- non-static fields (0 words):
 - non-static oop maps: 


Registers:
RAX=0x0000000000000000, RBX=0x00007f05ac0148b0, RCX=0x0000000000000030, RDX=0x00007f05ac0148b0
RSP=0x00007f05b3cc6200, RBP=0x00007f05b3cc6250, RSI=0x0000000000000030, RDI=0x0000000800000000
R8 =0x0000000000000001, R9 =0x00007f059cafcb00, R10=0x00007f05b3b85000, R11=0x0000000000000238
R12=0x0000000800000000, R13=0x00007f05ac0148a0, R14=0x0000000000000000, R15=0x00000008010c74f8
RIP=0x00007f05b4ce21ed, EFLAGS=0x0000000000010206, CSGSFS=0x002b000000000033, ERR=0x0000000000000004
  TRAPNO=0x000000000000000e

Top of Stack: (sp=0x00007f05b3cc6200)
0x00007f05b3cc6200:   00007f059cafcb10 0000000000000000
0x00007f05b3cc6210:   00007f05b3cc7668 0000000000000050
0x00007f05b3cc6220:   0000000000000000 00007f05b5343520
0x00007f05b3cc6230:   0000000800000000 00007f057ca87841 

Instructions: (pc=0x00007f05b4ce21ed)
0x00007f05b4ce20ed:   00 00 5b 41 5c 5d e9 38 e5 1e 00 0f 1f 84 00 00
0x00007f05b4ce20fd:   00 00 00 48 8d 65 f0 5b 41 5c 5d c3 0f 1f 80 00
0x00007f05b4ce210d:   00 00 00 be 01 00 00 00 4c 89 e7 e8 33 8f ff ff
0x00007f05b4ce211d:   eb a0 90 48 8b 7f 08 e9 0d ff ff ff 0f 1f 80 00
0x00007f05b4ce212d:   00 00 00 49 8d bc 24 a8 03 00 00 e8 e3 f4 11 00
0x00007f05b4ce213d:   e9 60 ff ff ff 66 0f 1f 44 00 00 48 8d 05 71 5a
0x00007f05b4ce214d:   69 00 45 31 c0 ba f3 07 00 00 4c 89 e7 48 8d 35
0x00007f05b4ce215d:   7f 9a 37 00 48 8b 88 a0 04 00 00 e8 13 8c 9d ff
0x00007f05b4ce216d:   49 8b 9c 24 e8 00 00 00 48 8b 43 10 48 83 38 00
0x00007f05b4ce217d:   0f 85 e4 fe ff ff e9 eb fe ff ff 0f 1f 84 00 00
0x00007f05b4ce218d:   00 00 00 f3 0f 1e fa 55 48 89 e5 41 57 49 89 f7
0x00007f05b4ce219d:   41 56 49 89 d6 41 55 41 54 49 89 fc 53 48 83 ec
0x00007f05b4ce21ad:   28 e8 0d e3 d7 ff 49 89 c5 4d 85 ff 0f 84 01 01
0x00007f05b4ce21bd:   00 00 4c 89 ff e8 f9 e2 d7 ff 4c 89 ef 48 89 c3
0x00007f05b4ce21cd:   e8 fe 92 56 ff 48 89 df 49 89 c6 e8 f3 92 56 ff
0x00007f05b4ce21dd:   4c 89 e7 49 8d 44 06 20 48 89 45 c8 49 8b 04 24
0x00007f05b4ce21ed:   ff 90 88 00 00 00 4c 89 ff 49 89 c6 49 8b 07 ff
0x00007f05b4ce21fd:   90 88 00 00 00 31 d2 49 39 c6 0f 84 23 01 00 00
0x00007f05b4ce220d:   31 f6 4c 89 e7 e8 d9 e8 d7 ff 4c 89 ff 31 d2 31
0x00007f05b4ce221d:   f6 48 89 45 c0 41 bf 02 00 00 00 e8 c3 e8 d7 ff
0x00007f05b4ce222d:   48 89 c7 48 89 45 b8 e8 97 92 56 ff 4c 8b 4d c0
0x00007f05b4ce223d:   49 89 c6 48 8d 05 aa d6 37 00 48 89 45 b0 4c 89
0x00007f05b4ce224d:   cf 4c 89 4d c0 e8 79 92 56 ff be 01 00 00 00 49
0x00007f05b4ce225d:   89 c0 4b 8d 44 37 03 48 03 45 c8 4d 8d 3c 00 4c
0x00007f05b4ce226d:   89 ff e8 1c 7a fe ff 4c 8b 4d c0 48 85 c0 49 89
0x00007f05b4ce227d:   c6 0f 84 8c 00 00 00 ff 75 b8 49 89 d8 4c 89 e9
0x00007f05b4ce228d:   48 8d 15 1c 9c 37 00 ff 75 b0 4c 89 fe 48 89 c7
0x00007f05b4ce229d:   31 c0 e8 5c e2 c1 ff 58 5a 48 8d 65 d8 5b 4c 89
0x00007f05b4ce22ad:   f0 41 5c 41 5d 41 5e 41 5f 5d c3 0f 1f 84 00 00
0x00007f05b4ce22bd:   00 00 00 4c 89 f7 e8 d8 d8 18 00 4c 89 ef 48 89
0x00007f05b4ce22cd:   c3 e8 fd 91 56 ff 48 89 df 49 89 c6 e8 f2 91 56
0x00007f05b4ce22dd:   ff 31 d2 31 f6 4c 89 e7 49 8d 44 06 20 45 31 f6 


Stack slot to memory mapping:
stack at sp + 0 slots: 0x00007f059cafcb10 is at code_begin+-112 in 
[CodeBlob (0x00007f059cafcb10)]
Framesize: 0
BufferBlob (0x00007f059cafcb10) used for Interpreter
stack at sp + 1 slots: 0x0 is NULL
stack at sp + 2 slots: 0x00007f05b3cc7668 is pointing into the stack for thread: 0x00007f05ac014290
stack at sp + 3 slots: 0x0000000000000050 is an unknown value
stack at sp + 4 slots: 0x0 is NULL
stack at sp + 5 slots: 0x00007f05b5343520: <offset 0x0000000001348520> in /usr/lib/jvm/java-17-openjdk-amd64/lib/server/libjvm.so at 0x00007f05b3ffb000
stack at sp + 6 slots: 0x0000000800000000 is pointing into metadata
stack at sp + 7 slots: 0x00007f057ca87841 is pointing into metadata


---------------  P R O C E S S  ---------------

Threads class SMR info:
_java_thread_list=0x00007f05483ddcf0, length=11, elements={
0x00007f05ac014290, 0x00007f05ac0c4d60, 0x00007f05ac0c6140, 0x00007f05ac0ce120,
0x00007f05ac0cf4d0, 0x00007f05ac0d08e0, 0x00007f05ac0d2290, 0x00007f05ac0d37c0,
0x00007f05ac0d4c30, 0x00007f05ac0ec340, 0x00007f05ac0f0130
}

Java Threads: ( => current thread )
=>0x00007f05ac014290 JavaThread "main" [_thread_in_vm, id=55, stack(0x00007f05b3bca000,0x00007f05b3cca000)]
  0x00007f05ac0c4d60 JavaThread "Reference Handler" daemon [_thread_blocked, id=62, stack(0x00007f05b0308000,0x00007f05b0408000)]
  0x00007f05ac0c6140 JavaThread "Finalizer" daemon [_thread_blocked, id=63, stack(0x00007f05b0208000,0x00007f05b0308000)]
  0x00007f05ac0ce120 JavaThread "Signal Dispatcher" daemon [_thread_blocked, id=64, stack(0x00007f05b00a2000,0x00007f05b01a2000)]
  0x00007f05ac0cf4d0 JavaThread "Service Thread" daemon [_thread_blocked, id=65, stack(0x00007f05954bd000,0x00007f05955bd000)]
  0x00007f05ac0d08e0 JavaThread "Monitor Deflation Thread" daemon [_thread_blocked, id=66, stack(0x00007f05953bd000,0x00007f05954bd000)]
  0x00007f05ac0d2290 JavaThread "C2 CompilerThread0" daemon [_thread_blocked, id=67, stack(0x00007f05952bd000,0x00007f05953bd000)]
  0x00007f05ac0d37c0 JavaThread "C1 CompilerThread0" daemon [_thread_blocked, id=68, stack(0x00007f05951bd000,0x00007f05952bd000)]
  0x00007f05ac0d4c30 JavaThread "Sweeper thread" daemon [_thread_blocked, id=69, stack(0x00007f05950bd000,0x00007f05951bd000)]
  0x00007f05ac0ec340 JavaThread "Notification Thread" daemon [_thread_blocked, id=70, stack(0x00007f0594fbd000,0x00007f05950bd000)]
  0x00007f05ac0f0130 JavaThread "Common-Cleaner" daemon [_thread_blocked, id=72, stack(0x00007f0594dbb000,0x00007f0594ebb000)]

Other Threads:
  0x00007f05ac0c0de0 VMThread "VM Thread" [stack: 0x00007f05b040a000,0x00007f05b050a000] [id=61] _threads_hazard_ptr=0x00007f05483ddcf0
  0x00007f05ac0edc80 WatcherThread [stack: 0x00007f0594ebd000,0x00007f0594fbd000] [id=71]
  0x00007f05ac04e1e0 GCTaskThread "GC Thread#0" [stack: 0x00007f05b1108000,0x00007f05b1208000] [id=56]
  0x00007f0574005820 GCTaskThread "GC Thread#1" [stack: 0x00007f0594bbb000,0x00007f0594cbb000] [id=74]
  0x00007f0574009460 GCTaskThread "GC Thread#2" [stack: 0x00007f0594ab9000,0x00007f0594bb9000] [id=75]
  0x00007f0574008c20 GCTaskThread "GC Thread#3" [stack: 0x00007f05949b7000,0x00007f0594ab7000] [id=76]
  0x00007f057400b1e0 GCTaskThread "GC Thread#4" [stack: 0x00007f05948b5000,0x00007f05949b5000] [id=77]
  0x00007f057400bc10 GCTaskThread "GC Thread#5" [stack: 0x00007f05947b3000,0x00007f05948b3000] [id=78]
  0x00007f05ac056850 ConcurrentGCThread "G1 Main Marker" [stack: 0x00007f05b1006000,0x00007f05b1106000] [id=57]
  0x00007f05ac0577b0 ConcurrentGCThread "G1 Conc#0" [stack: 0x00007f05b0f04000,0x00007f05b1004000] [id=58]
  0x00007f05ac098ab0 ConcurrentGCThread "G1 Refine#0" [stack: 0x00007f05b07fc000,0x00007f05b08fc000] [id=59]
  0x00007f05ac0999a0 ConcurrentGCThread "G1 Service" [stack: 0x00007f05b06fa000,0x00007f05b07fa000] [id=60]

Threads with active compile tasks:

VM state: synchronizing (normal execution)

VM Mutex/Monitor currently owned by a thread:  ([mutex/lock_event])
[0x00007f05ac0113b0] Threads_lock - owner thread: 0x00007f05ac0c0de0

Heap address: 0x00000000c7c00000, size: 900 MB, Compressed Oops mode: 32-bit

CDS archive(s) mapped at: [0x0000000800000000-0x0000000800be2000-0x0000000800be2000), size 12460032, SharedBaseAddress: 0x0000000800000000, ArchiveRelocationMode: 0.
Compressed class space mapped at: 0x0000000801000000-0x0000000841000000, reserved size: 1073741824
Narrow klass base: 0x0000000800000000, Narrow klass shift: 0, Narrow klass range: 0x100000000

GC Precious Log:
 CPUs: 6 total, 6 available
 Memory: 3598M
 Large Page Support: Disabled
 NUMA Support: Disabled
 Compressed Oops: Enabled (32-bit)
 Heap Region Size: 1M
 Heap Min Capacity: 8M
 Heap Initial Capacity: 58M
 Heap Max Capacity: 900M
 Pre-touch: Disabled
 Parallel Workers: 6
 Concurrent Workers: 2
 Concurrent Refinement Workers: 6
 Periodic GC: Disabled

Heap:
 garbage-first heap   total 61440K, used 30971K [0x00000000c7c00000, 0x0000000100000000)
  region size 1024K, 28 young (28672K), 5 survivors (5120K)
 Metaspace       used 13728K, committed 13952K, reserved 1114112K
  class space    used 1583K, committed 1664K, reserved 1048576K

Heap Regions: E=young(eden), S=young(survivor), O=old, HS=humongous(starts), HC=humongous(continues), CS=collection set, F=free, OA=open archive, CA=closed archive, TAMS=top-at-mark-start (previous, next)
|   0|0x00000000c7c00000, 0x00000000c7d00000, 0x00000000c7d00000|100%| O|  |TAMS 0x00000000c7c00000, 0x00000000c7c00000| Untracked 
|   1|0x00000000c7d00000, 0x00000000c7e00000, 0x00000000c7e00000|100%| O|  |TAMS 0x00000000c7d00000, 0x00000000c7d00000| Untracked 
|   2|0x00000000c7e00000, 0x00000000c7ea1400, 0x00000000c7f00000| 62%| O|  |TAMS 0x00000000c7e00000, 0x00000000c7e00000| Untracked 
|   3|0x00000000c7f00000, 0x00000000c7f00000, 0x00000000c8000000|  0%| F|  |TAMS 0x00000000c7f00000, 0x00000000c7f00000| Untracked 
|   4|0x00000000c8000000, 0x00000000c8000000, 0x00000000c8100000|  0%| F|  |TAMS 0x00000000c8000000, 0x00000000c8000000| Untracked 
|   5|0x00000000c8100000, 0x00000000c8100000, 0x00000000c8200000|  0%| F|  |TAMS 0x00000000c8100000, 0x00000000c8100000| Untracked 
|   6|0x00000000c8200000, 0x00000000c8200000, 0x00000000c8300000|  0%| F|  |TAMS 0x00000000c8200000, 0x00000000c8200000| Untracked 
|   7|0x00000000c8300000, 0x00000000c8300000, 0x00000000c8400000|  0%| F|  |TAMS 0x00000000c8300000, 0x00000000c8300000| Untracked 
|   8|0x00000000c8400000, 0x00000000c8400000, 0x00000000c8500000|  0%| F|  |TAMS 0x00000000c8400000, 0x00000000c8400000| Untracked 
|   9|0x00000000c8500000, 0x00000000c8500000, 0x00000000c8600000|  0%| F|  |TAMS 0x00000000c8500000, 0x00000000c8500000| Untracked 
|  10|0x00000000c8600000, 0x00000000c8600000, 0x00000000c8700000|  0%| F|  |TAMS 0x00000000c8600000, 0x00000000c8600000| Untracked 
|  11|0x00000000c8700000, 0x00000000c8700000, 0x00000000c8800000|  0%| F|  |TAMS 0x00000000c8700000, 0x00000000c8700000| Untracked 
|  12|0x00000000c8800000, 0x00000000c8800000, 0x00000000c8900000|  0%| F|  |TAMS 0x00000000c8800000, 0x00000000c8800000| Untracked 
|  13|0x00000000c8900000, 0x00000000c8900000, 0x00000000c8a00000|  0%| F|  |TAMS 0x00000000c8900000, 0x00000000c8900000| Untracked 
|  14|0x00000000c8a00000, 0x00000000c8a00000, 0x00000000c8b00000|  0%| F|  |TAMS 0x00000000c8a00000, 0x00000000c8a00000| Untracked 
|  15|0x00000000c8b00000, 0x00000000c8b00000, 0x00000000c8c00000|  0%| F|  |TAMS 0x00000000c8b00000, 0x00000000c8b00000| Untracked 
|  16|0x00000000c8c00000, 0x00000000c8c00000, 0x00000000c8d00000|  0%| F|  |TAMS 0x00000000c8c00000, 0x00000000c8c00000| Untracked 
|  17|0x00000000c8d00000, 0x00000000c8d00000, 0x00000000c8e00000|  0%| F|  |TAMS 0x00000000c8d00000, 0x00000000c8d00000| Untracked 
|  18|0x00000000c8e00000, 0x00000000c8e00000, 0x00000000c8f00000|  0%| F|  |TAMS 0x00000000c8e00000, 0x00000000c8e00000| Untracked 
|  19|0x00000000c8f00000, 0x00000000c8fa5948, 0x00000000c9000000| 64%| S|CS|TAMS 0x00000000c8f00000, 0x00000000c8f00000| Complete 
|  20|0x00000000c9000000, 0x00000000c9100000, 0x00000000c9100000|100%| S|CS|TAMS 0x00000000c9000000, 0x00000000c9000000| Complete 
|  21|0x00000000c9100000, 0x00000000c9200000, 0x00000000c9200000|100%| S|CS|TAMS 0x00000000c9100000, 0x00000000c9100000| Complete 
|  22|0x00000000c9200000, 0x00000000c9300000, 0x00000000c9300000|100%| S|CS|TAMS 0x00000000c9200000, 0x00000000c9200000| Complete 
|  23|0x00000000c9300000, 0x00000000c9300000, 0x00000000c9400000|  0%| F|  |TAMS 0x00000000c9300000, 0x00000000c9300000| Untracked 
|  24|0x00000000c9400000, 0x00000000c9400000, 0x00000000c9500000|  0%| F|  |TAMS 0x00000000c9400000, 0x00000000c9400000| Untracked 
|  25|0x00000000c9500000, 0x00000000c9500000, 0x00000000c9600000|  0%| F|  |TAMS 0x00000000c9500000, 0x00000000c9500000| Untracked 
|  26|0x00000000c9600000, 0x00000000c9700000, 0x00000000c9700000|100%| S|CS|TAMS 0x00000000c9600000, 0x00000000c9600000| Complete 
|  27|0x00000000c9700000, 0x00000000c9700000, 0x00000000c9800000|  0%| F|  |TAMS 0x00000000c9700000, 0x00000000c9700000| Untracked 
|  28|0x00000000c9800000, 0x00000000c9800000, 0x00000000c9900000|  0%| F|  |TAMS 0x00000000c9800000, 0x00000000c9800000| Untracked 
|  29|0x00000000c9900000, 0x00000000c9900000, 0x00000000c9a00000|  0%| F|  |TAMS 0x00000000c9900000, 0x00000000c9900000| Untracked 
|  30|0x00000000c9a00000, 0x00000000c9a00000, 0x00000000c9b00000|  0%| F|  |TAMS 0x00000000c9a00000, 0x00000000c9a00000| Untracked 
|  31|0x00000000c9b00000, 0x00000000c9b00000, 0x00000000c9c00000|  0%| F|  |TAMS 0x00000000c9b00000, 0x00000000c9b00000| Untracked 
|  32|0x00000000c9c00000, 0x00000000c9c00000, 0x00000000c9d00000|  0%| F|  |TAMS 0x00000000c9c00000, 0x00000000c9c00000| Untracked 
|  33|0x00000000c9d00000, 0x00000000c9d00000, 0x00000000c9e00000|  0%| F|  |TAMS 0x00000000c9d00000, 0x00000000c9d00000| Untracked 
|  34|0x00000000c9e00000, 0x00000000c9e00000, 0x00000000c9f00000|  0%| F|  |TAMS 0x00000000c9e00000, 0x00000000c9e00000| Untracked 
|  35|0x00000000c9f00000, 0x00000000c9f80800, 0x00000000ca000000| 50%| E|  |TAMS 0x00000000c9f00000, 0x00000000c9f00000| Complete 
|  36|0x00000000ca000000, 0x00000000ca100000, 0x00000000ca100000|100%| E|CS|TAMS 0x00000000ca000000, 0x00000000ca000000| Complete 
|  37|0x00000000ca100000, 0x00000000ca200000, 0x00000000ca200000|100%| E|CS|TAMS 0x00000000ca100000, 0x00000000ca100000| Complete 
|  38|0x00000000ca200000, 0x00000000ca300000, 0x00000000ca300000|100%| E|CS|TAMS 0x00000000ca200000, 0x00000000ca200000| Complete 
|  39|0x00000000ca300000, 0x00000000ca400000, 0x00000000ca400000|100%| E|CS|TAMS 0x00000000ca300000, 0x00000000ca300000| Complete 
|  40|0x00000000ca400000, 0x00000000ca500000, 0x00000000ca500000|100%| E|CS|TAMS 0x00000000ca400000, 0x00000000ca400000| Complete 
|  41|0x00000000ca500000, 0x00000000ca600000, 0x00000000ca600000|100%| E|CS|TAMS 0x00000000ca500000, 0x00000000ca500000| Complete 
|  42|0x00000000ca600000, 0x00000000ca700000, 0x00000000ca700000|100%| E|CS|TAMS 0x00000000ca600000, 0x00000000ca600000| Complete 
|  43|0x00000000ca700000, 0x00000000ca800000, 0x00000000ca800000|100%| E|CS|TAMS 0x00000000ca700000, 0x00000000ca700000| Complete 
|  44|0x00000000ca800000, 0x00000000ca900000, 0x00000000ca900000|100%| E|CS|TAMS 0x00000000ca800000, 0x00000000ca800000| Complete 
|  45|0x00000000ca900000, 0x00000000caa00000, 0x00000000caa00000|100%| E|CS|TAMS 0x00000000ca900000, 0x00000000ca900000| Complete 
|  46|0x00000000caa00000, 0x00000000cab00000, 0x00000000cab00000|100%| E|CS|TAMS 0x00000000caa00000, 0x00000000caa00000| Complete 
|  47|0x00000000cab00000, 0x00000000cac00000, 0x00000000cac00000|100%| E|CS|TAMS 0x00000000cab00000, 0x00000000cab00000| Complete 
|  48|0x00000000cac00000, 0x00000000cad00000, 0x00000000cad00000|100%| E|CS|TAMS 0x00000000cac00000, 0x00000000cac00000| Complete 
|  49|0x00000000cad00000, 0x00000000cae00000, 0x00000000cae00000|100%| E|CS|TAMS 0x00000000cad00000, 0x00000000cad00000| Complete 
|  50|0x00000000cae00000, 0x00000000caf00000, 0x00000000caf00000|100%| E|CS|TAMS 0x00000000cae00000, 0x00000000cae00000| Complete 
|  51|0x00000000caf00000, 0x00000000cb000000, 0x00000000cb000000|100%| E|CS|TAMS 0x00000000caf00000, 0x00000000caf00000| Complete 
|  52|0x00000000cb000000, 0x00000000cb100000, 0x00000000cb100000|100%| E|CS|TAMS 0x00000000cb000000, 0x00000000cb000000| Complete 
|  53|0x00000000cb100000, 0x00000000cb200000, 0x00000000cb200000|100%| E|CS|TAMS 0x00000000cb100000, 0x00000000cb100000| Complete 
|  54|0x00000000cb200000, 0x00000000cb300000, 0x00000000cb300000|100%| E|CS|TAMS 0x00000000cb200000, 0x00000000cb200000| Complete 
|  55|0x00000000cb300000, 0x00000000cb400000, 0x00000000cb400000|100%| E|CS|TAMS 0x00000000cb300000, 0x00000000cb300000| Complete 
|  56|0x00000000cb400000, 0x00000000cb500000, 0x00000000cb500000|100%| E|CS|TAMS 0x00000000cb400000, 0x00000000cb400000| Complete 
|  57|0x00000000cb500000, 0x00000000cb600000, 0x00000000cb600000|100%| E|CS|TAMS 0x00000000cb500000, 0x00000000cb500000| Complete 
| 898|0x00000000ffe00000, 0x00000000ffe76000, 0x00000000fff00000| 46%|OA|  |TAMS 0x00000000ffe00000, 0x00000000ffe00000| Untracked 
| 899|0x00000000fff00000, 0x00000000fff82000, 0x0000000100000000| 50%|CA|  |TAMS 0x00000000fff00000, 0x00000000fff00000| Untracked 

Card table byte_map: [0x00007f05b3025000,0x00007f05b31e7000] _byte_map_base: 0x00007f05b29e7000

Marking Bits (Prev, Next): (CMBitMap*) 0x00007f05ac04ec60, (CMBitMap*) 0x00007f05ac04eca0
 Prev Bits: [0x00007f05b2053000, 0x00007f05b2e63000)
 Next Bits: [0x00007f05b1243000, 0x00007f05b2053000)

Polling page: 0x00007f05b55e3000

Metaspace:

Usage:
  Non-class:     11.86 MB used.
      Class:      1.55 MB used.
       Both:     13.41 MB used.

Virtual space:
  Non-class space:       64.00 MB reserved,      12.00 MB ( 19%) committed,  1 nodes.
      Class space:        1.00 GB reserved,       1.62 MB ( <1%) committed,  1 nodes.
             Both:        1.06 GB reserved,      13.62 MB (  1%) committed. 

Chunk freelists:
   Non-Class:  2.91 MB
       Class:  14.42 MB
        Both:  17.33 MB

MaxMetaspaceSize: unlimited
CompressedClassSpaceSize: 1.00 GB
Initial GC threshold: 21.00 MB
Current GC threshold: 21.00 MB
CDS: on
MetaspaceReclaimPolicy: balanced
 - commit_granule_bytes: 65536.
 - commit_granule_words: 8192.
 - virtual_space_node_default_size: 8388608.
 - enlarge_chunks_in_place: 1.
 - new_chunks_are_fully_committed: 0.
 - uncommit_free_chunks: 1.
 - use_allocation_guard: 0.
 - handle_deallocations: 1.


Internal statistics:

num_allocs_failed_limit: 0.
num_arena_births: 76.
num_arena_deaths: 0.
num_vsnodes_births: 2.
num_vsnodes_deaths: 0.
num_space_committed: 218.
num_space_uncommitted: 0.
num_chunks_returned_to_freelist: 0.
num_chunks_taken_from_freelist: 548.
num_chunk_merges: 0.
num_chunk_splits: 397.
num_chunks_enlarged: 311.
num_inconsistent_stats: 0.

CodeHeap 'non-profiled nmethods': size=120032Kb used=1452Kb max_used=1452Kb free=118579Kb
 bounds [0x00007f059d085000, 0x00007f059d2f5000, 0x00007f05a45bd000]
CodeHeap 'profiled nmethods': size=120028Kb used=5861Kb max_used=5861Kb free=114166Kb
 bounds [0x00007f05955bd000, 0x00007f0595b7d000, 0x00007f059caf4000]
CodeHeap 'non-nmethods': size=5700Kb used=1164Kb max_used=1196Kb free=4535Kb
 bounds [0x00007f059caf4000, 0x00007f059cd64000, 0x00007f059d085000]
 total_blobs=3567 nmethods=3106 adapters=373
 compilation: enabled
              stopped_count=0, restarted_count=0
 full_count=0

Compilation events (20 events):
Event: 8.560 Thread 0x00007f05ac0d2290 3096   !   4       jdk.internal.reflect.UTF8::encode (191 bytes)
Event: 8.575 Thread 0x00007f05ac0d2290 nmethod 3096 0x00007f059d1ef490 code [0x00007f059d1ef620, 0x00007f059d1efb98]
Event: 9.149 Thread 0x00007f05ac0d37c0 3097       3       org.slf4j.impl.SimpleLogger::isLevelEnabled (14 bytes)
Event: 9.150 Thread 0x00007f05ac0d37c0 nmethod 3097 0x00007f0595b72f10 code [0x00007f0595b730a0, 0x00007f0595b73210]
Event: 9.172 Thread 0x00007f05ac0d37c0 3098       3       java.lang.reflect.Method::invoke (65 bytes)
Event: 9.173 Thread 0x00007f05ac0d37c0 nmethod 3098 0x00007f0595b73290 code [0x00007f0595b73480, 0x00007f0595b738d0]
Event: 9.868 Thread 0x00007f05ac0d37c0 3099       3       java.io.File::getParentFile (41 bytes)
Event: 9.868 Thread 0x00007f05ac0d37c0 nmethod 3099 0x00007f0595b73a90 code [0x00007f0595b73c80, 0x00007f0595b74090]
Event: 10.372 Thread 0x00007f05ac0d37c0 3100   !   3       java.nio.channels.spi.AbstractInterruptibleChannel::close (37 bytes)
Event: 10.373 Thread 0x00007f05ac0d37c0 nmethod 3100 0x00007f0595b74210 code [0x00007f0595b743c0, 0x00007f0595b74680]
Event: 10.500 Thread 0x00007f05ac0d37c0 3101       3       jdk.internal.ref.PhantomCleanable::clear (12 bytes)
Event: 10.500 Thread 0x00007f05ac0d37c0 nmethod 3101 0x00007f0595b74790 code [0x00007f0595b74940, 0x00007f0595b74b50]
Event: 10.877 Thread 0x00007f05ac0d37c0 3103       3       jdk.internal.misc.Unsafe::checkPrimitivePointer (19 bytes)
Event: 10.877 Thread 0x00007f05ac0d37c0 nmethod 3103 0x00007f0595b74c10 code [0x00007f0595b74e20, 0x00007f0595b75440]
Event: 10.877 Thread 0x00007f05ac0d37c0 3104       3       jdk.internal.misc.Unsafe::checkPointer (19 bytes)
Event: 10.878 Thread 0x00007f05ac0d37c0 nmethod 3104 0x00007f0595b75690 code [0x00007f0595b75860, 0x00007f0595b75c00]
Event: 11.045 Thread 0x00007f05ac0d37c0 3105       3       java.io.File::getCanonicalPath (31 bytes)
Event: 11.045 Thread 0x00007f05ac0d37c0 nmethod 3105 0x00007f0595b75d90 code [0x00007f0595b75f60, 0x00007f0595b76210]
Event: 11.045 Thread 0x00007f05ac0d37c0 3106       3       java.io.UnixFileSystem::canonicalize (229 bytes)
Event: 11.046 Thread 0x00007f05ac0d37c0 nmethod 3106 0x00007f0595b76310 code [0x00007f0595b764c0, 0x00007f0595b76600]

GC Heap History (6 events):
Event: 0.993 GC heap before
{Heap before GC invocations=0 (full 0):
 garbage-first heap   total 61440K, used 21472K [0x00000000c7c00000, 0x0000000100000000)
  region size 1024K, 21 young (21504K), 0 survivors (0K)
 Metaspace       used 4765K, committed 4928K, reserved 1114112K
  class space    used 569K, committed 640K, reserved 1048576K
}
Event: 1.000 GC heap after
{Heap after GC invocations=1 (full 0):
 garbage-first heap   total 61440K, used 4000K [0x00000000c7c00000, 0x0000000100000000)
  region size 1024K, 3 young (3072K), 3 survivors (3072K)
 Metaspace       used 4765K, committed 4928K, reserved 1114112K
  class space    used 569K, committed 640K, reserved 1048576K
}
Event: 1.928 GC heap before
{Heap before GC invocations=1 (full 0):
 garbage-first heap   total 61440K, used 33696K [0x00000000c7c00000, 0x0000000100000000)
  region size 1024K, 32 young (32768K), 3 survivors (3072K)
 Metaspace       used 10653K, committed 10816K, reserved 1114112K
  class space    used 1306K, committed 1408K, reserved 1048576K
}
Event: 1.942 GC heap after
{Heap after GC invocations=2 (full 0):
 garbage-first heap   total 61440K, used 6182K [0x00000000c7c00000, 0x0000000100000000)
  region size 1024K, 3 young (3072K), 3 survivors (3072K)
 Metaspace       used 10653K, committed 10816K, reserved 1114112K
  class space    used 1306K, committed 1408K, reserved 1048576K
}
Event: 2.604 GC heap before
{Heap before GC invocations=2 (full 0):
 garbage-first heap   total 61440K, used 37926K [0x00000000c7c00000, 0x0000000100000000)
  region size 1024K, 34 young (34816K), 3 survivors (3072K)
 Metaspace       used 12664K, committed 12864K, reserved 1114112K
  class space    used 1476K, committed 1536K, reserved 1048576K
}
Event: 2.611 GC heap after
{Heap after GC invocations=3 (full 0):
 garbage-first heap   total 61440K, used 8443K [0x00000000c7c00000, 0x0000000100000000)
  region size 1024K, 5 young (5120K), 5 survivors (5120K)
 Metaspace       used 12664K, committed 12864K, reserved 1114112K
  class space    used 1476K, committed 1536K, reserved 1048576K
}

Dll operation events (7 events):
Event: 0.035 Loaded shared library /usr/lib/jvm/java-17-openjdk-amd64/lib/libjava.so
Event: 0.119 Loaded shared library /usr/lib/jvm/java-17-openjdk-amd64/lib/libjsvml.so
Event: 0.169 Loaded shared library /usr/lib/jvm/java-17-openjdk-amd64/lib/libnio.so
Event: 0.176 Loaded shared library /usr/lib/jvm/java-17-openjdk-amd64/lib/libzip.so
Event: 0.401 Loaded shared library /usr/lib/jvm/java-17-openjdk-amd64/lib/libjimage.so
Event: 0.500 Loaded shared library /usr/lib/jvm/java-17-openjdk-amd64/lib/libverify.so
Event: 2.110 Loaded shared library /usr/lib/jvm/java-17-openjdk-amd64/lib/libnet.so

Deoptimization events (20 events):
Event: 6.094 Thread 0x00007f05ac014290 Uncommon trap: trap_request=0xffffffc6 fr.pc=0x00007f059d0cce7c relative=0x000000000000033c
Event: 6.094 Thread 0x00007f05ac014290 Uncommon trap: reason=bimorphic_or_optimized_type_check action=maybe_recompile pc=0x00007f059d0cce7c method=java.nio.Buffer.<init>(IIIILjdk/internal/access/foreign/MemorySegmentProxy;)V @ 39 c2
Event: 6.094 Thread 0x00007f05ac014290 DEOPT PACKING pc=0x00007f059d0cce7c sp=0x00007f05b3cc6440
Event: 6.094 Thread 0x00007f05ac014290 DEOPT UNPACKING pc=0x00007f059cb4a699 sp=0x00007f05b3cc63e8 mode 2
Event: 6.291 Thread 0x00007f05ac014290 Uncommon trap: trap_request=0xffffffc6 fr.pc=0x00007f059d0cce7c relative=0x000000000000033c
Event: 6.291 Thread 0x00007f05ac014290 Uncommon trap: reason=bimorphic_or_optimized_type_check action=maybe_recompile pc=0x00007f059d0cce7c method=java.nio.Buffer.<init>(IIIILjdk/internal/access/foreign/MemorySegmentProxy;)V @ 39 c2
Event: 6.291 Thread 0x00007f05ac014290 DEOPT PACKING pc=0x00007f059d0cce7c sp=0x00007f05b3cc6440
Event: 6.291 Thread 0x00007f05ac014290 DEOPT UNPACKING pc=0x00007f059cb4a699 sp=0x00007f05b3cc63e8 mode 2
Event: 11.095 Thread 0x00007f05ac014290 Uncommon trap: trap_request=0xfffffff6 fr.pc=0x00007f059d0bc460 relative=0x00000000000005c0
Event: 11.095 Thread 0x00007f05ac014290 Uncommon trap: reason=null_check action=maybe_recompile pc=0x00007f059d0bc460 method=java.lang.String.length()I @ 4 c2
Event: 11.095 Thread 0x00007f05ac014290 DEOPT PACKING pc=0x00007f059d0bc460 sp=0x00007f05b3cc73c0
Event: 11.095 Thread 0x00007f05ac014290 DEOPT UNPACKING pc=0x00007f059cb4a699 sp=0x00007f05b3cc72f0 mode 2
Event: 11.095 Thread 0x00007f05ac014290 Uncommon trap: trap_request=0xffffff45 fr.pc=0x00007f059d0b691c relative=0x000000000000035c
Event: 11.095 Thread 0x00007f05ac014290 Uncommon trap: reason=unstable_if action=reinterpret pc=0x00007f059d0b691c method=java.util.concurrent.ConcurrentHashMap.get(Ljava/lang/Object;)Ljava/lang/Object; @ 23 c2
Event: 11.095 Thread 0x00007f05ac014290 DEOPT PACKING pc=0x00007f059d0b691c sp=0x00007f05b3cc7330
Event: 11.095 Thread 0x00007f05ac014290 DEOPT UNPACKING pc=0x00007f059cb4a699 sp=0x00007f05b3cc72d8 mode 2
Event: 11.096 Thread 0x00007f05ac014290 Uncommon trap: trap_request=0xffffff45 fr.pc=0x00007f059d0b85e8 relative=0x0000000000000cc8
Event: 11.096 Thread 0x00007f05ac014290 Uncommon trap: reason=unstable_if action=reinterpret pc=0x00007f059d0b85e8 method=java.util.concurrent.ConcurrentHashMap.putVal(Ljava/lang/Object;Ljava/lang/Object;Z)Ljava/lang/Object; @ 45 c2
Event: 11.096 Thread 0x00007f05ac014290 DEOPT PACKING pc=0x00007f059d0b85e8 sp=0x00007f05b3cc72c0
Event: 11.096 Thread 0x00007f05ac014290 DEOPT UNPACKING pc=0x00007f059cb4a699 sp=0x00007f05b3cc7248 mode 2

Classes unloaded (0 events):
No events

Classes redefined (0 events):
No events

Internal exceptions (15 events):
Event: 0.365 Thread 0x00007f05ac014290 Exception <a 'java/lang/NoClassDefFoundError'{0x00000000cb2332c8}: org/fusesource/jansi/internal/CLibrary> (0x00000000cb2332c8) 
thrown [./src/hotspot/share/classfile/systemDictionary.cpp, line 245]
Event: 0.365 Thread 0x00007f05ac014290 Exception <a 'java/lang/NoClassDefFoundError'{0x00000000cb233ad0}: org/fusesource/jansi/internal/CLibrary> (0x00000000cb233ad0) 
thrown [./src/hotspot/share/oops/constantPool.cpp, line 835]
Event: 0.366 Thread 0x00007f05ac014290 Exception <a 'java/lang/NoClassDefFoundError'{0x00000000cb23f3b8}: org/fusesource/jansi/internal/CLibrary> (0x00000000cb23f3b8) 
thrown [./src/hotspot/share/oops/constantPool.cpp, line 835]
Event: 0.366 Thread 0x00007f05ac014290 Exception <a 'java/lang/NoClassDefFoundError'{0x00000000cb23f9f8}: org/fusesource/jansi/internal/CLibrary> (0x00000000cb23f9f8) 
thrown [./src/hotspot/share/oops/constantPool.cpp, line 835]
Event: 0.736 Thread 0x00007f05ac014290 Exception <a 'java/lang/NoSuchMethodError'{0x00000000cab033a8}: 'void java.lang.invoke.DirectMethodHandle$Holder.invokeSpecial(java.lang.Object, java.lang.Object, java.lang.Object)'> (0x00000000cab033a8) 
thrown [./src/hotspot/share/interpreter/linkResolver.cpp, line 758]
Event: 0.842 Thread 0x00007f05ac014290 Exception <a 'java/lang/NoSuchMethodError'{0x00000000ca9cc3d0}: 'java.lang.Object java.lang.invoke.DirectMethodHandle$Holder.newInvokeSpecial(java.lang.Object, java.lang.Object, java.lang.Object, java.lang.Object, java.lang.Object)'> (0x00000000ca9cc3d0) 
thrown [./src/hotspot/share/interpreter/linkResolver.cpp, line 758]
Event: 1.731 Thread 0x00007f05ac014290 Exception <a 'java/lang/NoClassDefFoundError'{0x00000000c999f150}: com/google/inject/servlet/ServletModuleTargetVisitor> (0x00000000c999f150) 
thrown [./src/hotspot/share/classfile/systemDictionary.cpp, line 245]
Event: 2.069 Thread 0x00007f05ac014290 Exception <a 'java/lang/NoSuchMethodError'{0x00000000cb266af8}: 'int java.lang.invoke.DirectMethodHandle$Holder.invokeStatic(java.lang.Object, java.lang.Object, int)'> (0x00000000cb266af8) 
thrown [./src/hotspot/share/interpreter/linkResolver.cpp, line 758]
Event: 2.425 Thread 0x00007f05ac014290 Implicit null exception at 0x00007f059d0dd06a to 0x00007f059d0dd220
Event: 2.425 Thread 0x00007f05ac014290 Implicit null exception at 0x00007f059d15e858 to 0x00007f059d15e8ea
Event: 2.426 Thread 0x00007f05ac014290 Implicit null exception at 0x00007f059d10a36a to 0x00007f059d10a524
Event: 2.426 Thread 0x00007f05ac014290 Implicit null exception at 0x00007f059d0f87af to 0x00007f059d0f8829
Event: 5.678 Thread 0x00007f05ac014290 Exception <a 'java/lang/NoSuchMethodError'{0x00000000ca0c9d50}: 'java.lang.Object java.lang.invoke.DirectMethodHandle$Holder.invokeStaticInit(java.lang.Object)'> (0x00000000ca0c9d50) 
thrown [./src/hotspot/share/interpreter/linkResolver.cpp, line 758]
Event: 5.679 Thread 0x00007f05ac014290 Exception <a 'java/lang/NoSuchMethodError'{0x00000000ca0cfca8}: 'java.lang.Object java.lang.invoke.Invokers$Holder.invoke_MT(java.lang.Object, java.lang.Object, java.lang.Object)'> (0x00000000ca0cfca8) 
thrown [./src/hotspot/share/interpreter/linkResolver.cpp, line 758]
Event: 11.095 Thread 0x00007f05ac014290 Implicit null exception at 0x00007f059d0bbed7 to 0x00007f059d0bc450

VM Operations (20 events):
Event: 2.453 Executing VM operation: HandshakeAllThreads
Event: 2.453 Executing VM operation: HandshakeAllThreads done
Event: 2.455 Executing VM operation: HandshakeAllThreads
Event: 2.455 Executing VM operation: HandshakeAllThreads done
Event: 2.455 Executing VM operation: HandshakeAllThreads
Event: 2.455 Executing VM operation: HandshakeAllThreads done
Event: 2.603 Executing VM operation: G1CollectForAllocation
Event: 2.611 Executing VM operation: G1CollectForAllocation done
Event: 2.679 Executing VM operation: HandshakeAllThreads
Event: 2.680 Executing VM operation: HandshakeAllThreads done
Event: 2.703 Executing VM operation: HandshakeAllThreads
Event: 2.703 Executing VM operation: HandshakeAllThreads done
Event: 3.703 Executing VM operation: Cleanup
Event: 3.704 Executing VM operation: Cleanup done
Event: 4.704 Executing VM operation: Cleanup
Event: 4.704 Executing VM operation: Cleanup done
Event: 5.705 Executing VM operation: Cleanup
Event: 5.705 Executing VM operation: Cleanup done
Event: 10.706 Executing VM operation: Cleanup
Event: 10.706 Executing VM operation: Cleanup done

Events (20 events):
Event: 5.676 loading class sun/nio/ch/IOStatus
Event: 5.676 loading class sun/nio/ch/IOStatus done
Event: 5.677 loading class java/nio/channels/FileChannel$MapMode
Event: 5.677 loading class java/nio/channels/FileChannel$MapMode done
Event: 5.677 loading class jdk/internal/misc/ExtendedMapMode
Event: 5.678 loading class jdk/internal/misc/ExtendedMapMode done
Event: 5.680 loading class sun/nio/ch/FileChannelImpl$DefaultUnmapper
Event: 5.680 loading class sun/nio/ch/FileChannelImpl$Unmapper
Event: 5.680 loading class jdk/internal/access/foreign/UnmapperProxy
Event: 5.680 loading class jdk/internal/access/foreign/UnmapperProxy done
Event: 5.681 loading class sun/nio/ch/FileChannelImpl$Unmapper done
Event: 5.681 loading class sun/nio/ch/FileChannelImpl$DefaultUnmapper done
Event: 5.681 loading class sun/nio/ch/Util
Event: 5.681 loading class sun/nio/ch/Util done
Event: 5.681 loading class sun/nio/ch/Util$1
Event: 5.682 loading class sun/nio/ch/Util$1 done
Event: 5.682 loading class sun/nio/ch/Util$4
Event: 5.682 loading class sun/nio/ch/Util$4 done
Event: 5.778 loading class java/io/FileOutputStream$1
Event: 5.778 loading class java/io/FileOutputStream$1 done


Dynamic libraries:
c7c00000-cb600000 rw-p 00000000 00:00 0 
cb600000-ffe00000 ---p 00000000 00:00 0 
ffe00000-ffe76000 rw-p 00c9d000 08:20 50157                              /usr/lib/jvm/java-17-openjdk-amd64/lib/server/classes.jsa
ffe76000-fff00000 rw-p 00000000 00:00 0 
fff00000-fff82000 rw-p 00c1b000 08:20 50157                              /usr/lib/jvm/java-17-openjdk-amd64/lib/server/classes.jsa
fff82000-100000000 rw-p 00000000 00:00 0 
800000000-800458000 rw-p 00001000 08:20 50157                            /usr/lib/jvm/java-17-openjdk-amd64/lib/server/classes.jsa
800458000-800be2000 r--p 00459000 08:20 50157                            /usr/lib/jvm/java-17-openjdk-amd64/lib/server/classes.jsa
800be2000-801000000 ---p 00000000 00:00 0 
801000000-801040000 rw-p 00000000 00:00 0 
801040000-801080000 rw-p 00000000 00:00 0 
801080000-8011a0000 rw-p 00000000 00:00 0 
8011a0000-841000000 ---p 00000000 00:00 0 
55b386b08000-55b386b09000 r--p 00000000 08:20 50005                      /usr/lib/jvm/java-17-openjdk-amd64/bin/java
55b386b09000-55b386b0a000 r-xp 00001000 08:20 50005                      /usr/lib/jvm/java-17-openjdk-amd64/bin/java
55b386b0a000-55b386b0b000 r--p 00002000 08:20 50005                      /usr/lib/jvm/java-17-openjdk-amd64/bin/java
55b386b0b000-55b386b0c000 r--p 00002000 08:20 50005                      /usr/lib/jvm/java-17-openjdk-amd64/bin/java
55b386b0c000-55b386b0d000 rw-p 00003000 08:20 50005                      /usr/lib/jvm/java-17-openjdk-amd64/bin/java
55b38829c000-55b3882e3000 rw-p 00000000 00:00 0                          [heap]
7f052c000000-7f052c021000 rw-p 00000000 00:00 0 
7f052c021000-7f0530000000 ---p 00000000 00:00 0 
7f0534000000-7f0534021000 rw-p 00000000 00:00 0 
7f0534021000-7f0538000000 ---p 00000000 00:00 0 
7f0538000000-7f0538021000 rw-p 00000000 00:00 0 
7f0538021000-7f053c000000 ---p 00000000 00:00 0 
7f053c000000-7f053c021000 rw-p 00000000 00:00 0 
7f053c021000-7f0540000000 ---p 00000000 00:00 0 
7f0540000000-7f0540021000 rw-p 00000000 00:00 0 
7f0540021000-7f0544000000 ---p 00000000 00:00 0 
7f0544000000-7f0544021000 rw-p 00000000 00:00 0 
7f0544021000-7f0548000000 ---p 00000000 00:00 0 
7f0548000000-7f05487a7000 rw-p 00000000 00:00 0 
7f05487a7000-7f054c000000 ---p 00000000 00:00 0 
7f054c000000-7f054c021000 rw-p 00000000 00:00 0 
7f054c021000-7f0550000000 ---p 00000000 00:00 0 
7f0550000000-7f0550021000 rw-p 00000000 00:00 0 
7f0550021000-7f0554000000 ---p 00000000 00:00 0 
7f0554000000-7f05545a8000 rw-p 00000000 00:00 0 
7f05545a8000-7f0558000000 ---p 00000000 00:00 0 
7f0558000000-7f0558021000 rw-p 00000000 00:00 0 
7f0558021000-7f055c000000 ---p 00000000 00:00 0 
7f055c000000-7f055c021000 rw-p 00000000 00:00 0 
7f055c021000-7f0560000000 ---p 00000000 00:00 0 
7f0560000000-7f0560785000 rw-p 00000000 00:00 0 
7f0560785000-7f0564000000 ---p 00000000 00:00 0 
7f0564000000-7f0564021000 rw-p 00000000 00:00 0 
7f0564021000-7f0568000000 ---p 00000000 00:00 0 
7f0568000000-7f0568021000 rw-p 00000000 00:00 0 
7f0568021000-7f056c000000 ---p 00000000 00:00 0 
7f056c000000-7f056c021000 rw-p 00000000 00:00 0 
7f056c021000-7f0570000000 ---p 00000000 00:00 0 
7f0570000000-7f0570021000 rw-p 00000000 00:00 0 
7f0570021000-7f0574000000 ---p 00000000 00:00 0 
7f0574000000-7f0574021000 rw-p 00000000 00:00 0 
7f0574021000-7f0578000000 ---p 00000000 00:00 0 
7f0578000000-7f0578021000 rw-p 00000000 00:00 0 
7f0578021000-7f057c000000 ---p 00000000 00:00 0 
7f057c000000-7f057c2e0000 rw-p 00000000 00:00 0 
7f057c2e0000-7f057c400000 ---p 00000000 00:00 0 
7f057c400000-7f057cd20000 rw-p 00000000 00:00 0 
7f057cd20000-7f0580000000 ---p 00000000 00:00 0 
7f0580000000-7f0580021000 rw-p 00000000 00:00 0 
7f0580021000-7f0584000000 ---p 00000000 00:00 0 
7f0586000000-7f0588000000 rw-p 00000000 00:00 0 
7f0588000000-7f0588021000 rw-p 00000000 00:00 0 
7f0588021000-7f058c000000 ---p 00000000 00:00 0 
7f058c000000-7f058c021000 rw-p 00000000 00:00 0 
7f058c021000-7f0590000000 ---p 00000000 00:00 0 
7f0590000000-7f0590021000 rw-p 00000000 00:00 0 
7f0590021000-7f0594000000 ---p 00000000 00:00 0 
7f05943ca000-7f05947b1000 rw-p 00000000 00:00 0 
7f05947b1000-7f05947b2000 ---p 00000000 00:00 0 
7f05947b2000-7f05948b3000 rw-p 00000000 00:00 0 
7f05948b3000-7f05948b4000 ---p 00000000 00:00 0 
7f05948b4000-7f05949b5000 rw-p 00000000 00:00 0 
7f05949b5000-7f05949b6000 ---p 00000000 00:00 0 
7f05949b6000-7f0594ab7000 rw-p 00000000 00:00 0 
7f0594ab7000-7f0594ab8000 ---p 00000000 00:00 0 
7f0594ab8000-7f0594bb9000 rw-p 00000000 00:00 0 
7f0594bb9000-7f0594bba000 ---p 00000000 00:00 0 
7f0594bba000-7f0594cbb000 rw-p 00000000 00:00 0 
7f0594cbb000-7f0594cbf000 ---p 00000000 00:00 0 
7f0594cbf000-7f0594dbb000 rw-p 00000000 00:00 0 
7f0594dbb000-7f0594dbf000 ---p 00000000 00:00 0 
7f0594dbf000-7f0594ebb000 rw-p 00000000 00:00 0 
7f0594ebb000-7f0594ebc000 ---p 00000000 00:00 0 
7f0594ebc000-7f0594fbd000 rw-p 00000000 00:00 0 
7f0594fbd000-7f0594fc1000 ---p 00000000 00:00 0 
7f0594fc1000-7f05950bd000 rw-p 00000000 00:00 0 
7f05950bd000-7f05950c1000 ---p 00000000 00:00 0 
7f05950c1000-7f05951bd000 rw-p 00000000 00:00 0 
7f05951bd000-7f05951c1000 ---p 00000000 00:00 0 
7f05951c1000-7f05952bd000 rw-p 00000000 00:00 0 
7f05952bd000-7f05952c1000 ---p 00000000 00:00 0 
7f05952c1000-7f05953bd000 rw-p 00000000 00:00 0 
7f05953bd000-7f05953c1000 ---p 00000000 00:00 0 
7f05953c1000-7f05954bd000 rw-p 00000000 00:00 0 
7f05954bd000-7f05954c1000 ---p 00000000 00:00 0 
7f05954c1000-7f05955bd000 rw-p 00000000 00:00 0 
7f05955bd000-7f0595b7d000 rwxp 00000000 00:00 0 
7f0595b7d000-7f059caf4000 ---p 00000000 00:00 0 
7f059caf4000-7f059cd64000 rwxp 00000000 00:00 0 
7f059cd64000-7f059d085000 ---p 00000000 00:00 0 
7f059d085000-7f059d2f5000 rwxp 00000000 00:00 0 
7f059d2f5000-7f05a45bd000 ---p 00000000 00:00 0 
7f05a45bd000-7f05ac000000 r--s 00000000 08:20 50154                      /usr/lib/jvm/java-17-openjdk-amd64/lib/modules
7f05ac000000-7f05ac914000 rw-p 00000000 00:00 0 
7f05ac914000-7f05b0000000 ---p 00000000 00:00 0 
7f05b0028000-7f05b002c000 r--p 00000000 08:20 50152                      /usr/lib/jvm/java-17-openjdk-amd64/lib/libverify.so
7f05b002c000-7f05b0033000 r-xp 00004000 08:20 50152                      /usr/lib/jvm/java-17-openjdk-amd64/lib/libverify.so
7f05b0033000-7f05b0035000 r--p 0000b000 08:20 50152                      /usr/lib/jvm/java-17-openjdk-amd64/lib/libverify.so
7f05b0035000-7f05b0037000 r--p 0000c000 08:20 50152                      /usr/lib/jvm/java-17-openjdk-amd64/lib/libverify.so
7f05b0037000-7f05b0038000 rw-p 0000e000 08:20 50152                      /usr/lib/jvm/java-17-openjdk-amd64/lib/libverify.so
7f05b0038000-7f05b003a000 r--p 00000000 08:20 50153                      /usr/lib/jvm/java-17-openjdk-amd64/lib/libzip.so
7f05b003a000-7f05b003f000 r-xp 00002000 08:20 50153                      /usr/lib/jvm/java-17-openjdk-amd64/lib/libzip.so
7f05b003f000-7f05b0041000 r--p 00007000 08:20 50153                      /usr/lib/jvm/java-17-openjdk-amd64/lib/libzip.so
7f05b0041000-7f05b0042000 r--p 00008000 08:20 50153                      /usr/lib/jvm/java-17-openjdk-amd64/lib/libzip.so
7f05b0042000-7f05b0043000 rw-p 00009000 08:20 50153                      /usr/lib/jvm/java-17-openjdk-amd64/lib/libzip.so
7f05b0043000-7f05b0074000 rw-p 00000000 00:00 0 
7f05b0074000-7f05b0078000 r--p 00000000 08:20 50145                      /usr/lib/jvm/java-17-openjdk-amd64/lib/libnet.so
7f05b0078000-7f05b0086000 r-xp 00004000 08:20 50145                      /usr/lib/jvm/java-17-openjdk-amd64/lib/libnet.so
7f05b0086000-7f05b008a000 r--p 00012000 08:20 50145                      /usr/lib/jvm/java-17-openjdk-amd64/lib/libnet.so
7f05b008a000-7f05b008b000 r--p 00015000 08:20 50145                      /usr/lib/jvm/java-17-openjdk-amd64/lib/libnet.so
7f05b008b000-7f05b008c000 rw-p 00016000 08:20 50145                      /usr/lib/jvm/java-17-openjdk-amd64/lib/libnet.so
7f05b008c000-7f05b0092000 r--p 00000000 08:20 50146                      /usr/lib/jvm/java-17-openjdk-amd64/lib/libnio.so
7f05b0092000-7f05b009b000 r-xp 00006000 08:20 50146                      /usr/lib/jvm/java-17-openjdk-amd64/lib/libnio.so
7f05b009b000-7f05b009f000 r--p 0000f000 08:20 50146                      /usr/lib/jvm/java-17-openjdk-amd64/lib/libnio.so
7f05b009f000-7f05b00a0000 ---p 00013000 08:20 50146                      /usr/lib/jvm/java-17-openjdk-amd64/lib/libnio.so
7f05b00a0000-7f05b00a1000 r--p 00013000 08:20 50146                      /usr/lib/jvm/java-17-openjdk-amd64/lib/libnio.so
7f05b00a1000-7f05b00a2000 rw-p 00014000 08:20 50146                      /usr/lib/jvm/java-17-openjdk-amd64/lib/libnio.so
7f05b00a2000-7f05b00a6000 ---p 00000000 00:00 0 
7f05b00a6000-7f05b01a2000 rw-p 00000000 00:00 0 
7f05b01a2000-7f05b01f9000 r--p 00000000 08:20 2331                       /usr/lib/locale/C.utf8/LC_CTYPE
7f05b01f9000-7f05b01fa000 r--p 00000000 08:20 2338                       /usr/lib/locale/C.utf8/LC_NUMERIC
7f05b01fa000-7f05b01fb000 r--p 00000000 08:20 2341                       /usr/lib/locale/C.utf8/LC_TIME
7f05b01fb000-7f05b01fc000 r--p 00000000 08:20 2330                       /usr/lib/locale/C.utf8/LC_COLLATE
7f05b01fc000-7f05b01fd000 r--p 00000000 08:20 2336                       /usr/lib/locale/C.utf8/LC_MONETARY
7f05b01fd000-7f05b01fe000 r--p 00000000 08:20 2335                       /usr/lib/locale/C.utf8/LC_MESSAGES/SYS_LC_MESSAGES
7f05b01fe000-7f05b01ff000 r--p 00000000 08:20 2339                       /usr/lib/locale/C.utf8/LC_PAPER
7f05b01ff000-7f05b0200000 r--p 00000000 08:20 2337                       /usr/lib/locale/C.utf8/LC_NAME
7f05b0200000-7f05b0201000 r--p 00000000 08:20 2329                       /usr/lib/locale/C.utf8/LC_ADDRESS
7f05b0201000-7f05b0208000 r--s 00000000 08:20 6259                       /usr/lib/x86_64-linux-gnu/gconv/gconv-modules.cache
7f05b0208000-7f05b020c000 ---p 00000000 00:00 0 
7f05b020c000-7f05b0308000 rw-p 00000000 00:00 0 
7f05b0308000-7f05b030c000 ---p 00000000 00:00 0 
7f05b030c000-7f05b0408000 rw-p 00000000 00:00 0 
7f05b0408000-7f05b0409000 ---p 00000000 00:00 0 
7f05b0409000-7f05b050a000 rw-p 00000000 00:00 0 
7f05b050a000-7f05b050f000 r--p 00000000 08:20 50139                      /usr/lib/jvm/java-17-openjdk-amd64/lib/libjsvml.so
7f05b050f000-7f05b0550000 r-xp 00005000 08:20 50139                      /usr/lib/jvm/java-17-openjdk-amd64/lib/libjsvml.so
7f05b0550000-7f05b05d9000 r--p 00046000 08:20 50139                      /usr/lib/jvm/java-17-openjdk-amd64/lib/libjsvml.so
7f05b05d9000-7f05b05da000 r--p 000ce000 08:20 50139                      /usr/lib/jvm/java-17-openjdk-amd64/lib/libjsvml.so
7f05b05da000-7f05b05db000 rw-p 000cf000 08:20 50139                      /usr/lib/jvm/java-17-openjdk-amd64/lib/libjsvml.so
7f05b05db000-7f05b06f8000 rw-p 00000000 00:00 0 
7f05b06f8000-7f05b06f9000 ---p 00000000 00:00 0 
7f05b06f9000-7f05b07fa000 rw-p 00000000 00:00 0 
7f05b07fa000-7f05b07fb000 ---p 00000000 00:00 0 
7f05b07fb000-7f05b0f02000 rw-p 00000000 00:00 0 
7f05b0f02000-7f05b0f03000 ---p 00000000 00:00 0 
7f05b0f03000-7f05b1004000 rw-p 00000000 00:00 0 
7f05b1004000-7f05b1005000 ---p 00000000 00:00 0 
7f05b1005000-7f05b1106000 rw-p 00000000 00:00 0 
7f05b1106000-7f05b1107000 ---p 00000000 00:00 0 
7f05b1107000-7f05b132b000 rw-p 00000000 00:00 0 
7f05b132b000-7f05b204b000 ---p 00000000 00:00 0 
7f05b204b000-7f05b213b000 rw-p 00000000 00:00 0 
7f05b213b000-7f05b2e5b000 ---p 00000000 00:00 0 
7f05b2e5b000-7f05b2e80000 rw-p 00000000 00:00 0 
7f05b2e80000-7f05b3024000 ---p 00000000 00:00 0 
7f05b3024000-7f05b3042000 rw-p 00000000 00:00 0 
7f05b3042000-7f05b31e6000 ---p 00000000 00:00 0 
7f05b31e6000-7f05b3204000 rw-p 00000000 00:00 0 
7f05b3204000-7f05b33a8000 ---p 00000000 00:00 0 
7f05b33a8000-7f05b39b4000 rw-p 00000000 00:00 0 
7f05b39b4000-7f05b3a9a000 ---p 00000000 00:00 0 
7f05b3a9a000-7f05b3aa6000 rw-p 00000000 00:00 0 
7f05b3aa6000-7f05b3b85000 ---p 00000000 00:00 0 
7f05b3b85000-7f05b3b8a000 rw-p 00000000 00:00 0 
7f05b3b8a000-7f05b3b91000 ---p 00000000 00:00 0 
7f05b3b91000-7f05b3b9d000 r--p 00000000 08:20 50132                      /usr/lib/jvm/java-17-openjdk-amd64/lib/libjava.so
7f05b3b9d000-7f05b3bb0000 r-xp 0000c000 08:20 50132                      /usr/lib/jvm/java-17-openjdk-amd64/lib/libjava.so
7f05b3bb0000-7f05b3bb6000 r--p 0001f000 08:20 50132                      /usr/lib/jvm/java-17-openjdk-amd64/lib/libjava.so
7f05b3bb6000-7f05b3bb7000 r--p 00024000 08:20 50132                      /usr/lib/jvm/java-17-openjdk-amd64/lib/libjava.so
7f05b3bb7000-7f05b3bb8000 rw-p 00025000 08:20 50132                      /usr/lib/jvm/java-17-openjdk-amd64/lib/libjava.so
7f05b3bb8000-7f05b3bb9000 rw-p 00000000 00:00 0 
7f05b3bb9000-7f05b3bc1000 rw-s 00000000 08:20 26927                      /tmp/hsperfdata_alex/29
7f05b3bc1000-7f05b3bc3000 r--p 00000000 08:20 50135                      /usr/lib/jvm/java-17-openjdk-amd64/lib/libjimage.so
7f05b3bc3000-7f05b3bc6000 r-xp 00002000 08:20 50135                      /usr/lib/jvm/java-17-openjdk-amd64/lib/libjimage.so
7f05b3bc6000-7f05b3bc7000 r--p 00005000 08:20 50135                      /usr/lib/jvm/java-17-openjdk-amd64/lib/libjimage.so
7f05b3bc7000-7f05b3bc8000 ---p 00006000 08:20 50135                      /usr/lib/jvm/java-17-openjdk-amd64/lib/libjimage.so
7f05b3bc8000-7f05b3bc9000 r--p 00006000 08:20 50135                      /usr/lib/jvm/java-17-openjdk-amd64/lib/libjimage.so
7f05b3bc9000-7f05b3bca000 rw-p 00007000 08:20 50135                      /usr/lib/jvm/java-17-openjdk-amd64/lib/libjimage.so
7f05b3bca000-7f05b3bce000 ---p 00000000 00:00 0 
7f05b3bce000-7f05b3cca000 rw-p 00000000 00:00 0 
7f05b3cca000-7f05b3ccd000 r--p 00000000 08:20 6556                       /usr/lib/x86_64-linux-gnu/libgcc_s.so.1
7f05b3ccd000-7f05b3ce4000 r-xp 00003000 08:20 6556                       /usr/lib/x86_64-linux-gnu/libgcc_s.so.1
7f05b3ce4000-7f05b3ce8000 r--p 0001a000 08:20 6556                       /usr/lib/x86_64-linux-gnu/libgcc_s.so.1
7f05b3ce8000-7f05b3ce9000 r--p 0001d000 08:20 6556                       /usr/lib/x86_64-linux-gnu/libgcc_s.so.1
7f05b3ce9000-7f05b3cea000 rw-p 0001e000 08:20 6556                       /usr/lib/x86_64-linux-gnu/libgcc_s.so.1
7f05b3cea000-7f05b3cf8000 r--p 00000000 08:20 6650                       /usr/lib/x86_64-linux-gnu/libm.so.6
7f05b3cf8000-7f05b3d74000 r-xp 0000e000 08:20 6650                       /usr/lib/x86_64-linux-gnu/libm.so.6
7f05b3d74000-7f05b3dcf000 r--p 0008a000 08:20 6650                       /usr/lib/x86_64-linux-gnu/libm.so.6
7f05b3dcf000-7f05b3dd0000 r--p 000e4000 08:20 6650                       /usr/lib/x86_64-linux-gnu/libm.so.6
7f05b3dd0000-7f05b3dd1000 rw-p 000e5000 08:20 6650                       /usr/lib/x86_64-linux-gnu/libm.so.6
7f05b3dd1000-7f05b3e6b000 r--p 00000000 08:20 6794                       /usr/lib/x86_64-linux-gnu/libstdc++.so.6.0.30
7f05b3e6b000-7f05b3f7b000 r-xp 0009a000 08:20 6794                       /usr/lib/x86_64-linux-gnu/libstdc++.so.6.0.30
7f05b3f7b000-7f05b3fea000 r--p 001aa000 08:20 6794                       /usr/lib/x86_64-linux-gnu/libstdc++.so.6.0.30
7f05b3fea000-7f05b3ff5000 r--p 00218000 08:20 6794                       /usr/lib/x86_64-linux-gnu/libstdc++.so.6.0.30
7f05b3ff5000-7f05b3ff8000 rw-p 00223000 08:20 6794                       /usr/lib/x86_64-linux-gnu/libstdc++.so.6.0.30
7f05b3ff8000-7f05b3ffb000 rw-p 00000000 00:00 0 
7f05b3ffb000-7f05b424b000 r--p 00000000 08:20 50160                      /usr/lib/jvm/java-17-openjdk-amd64/lib/server/libjvm.so
7f05b424b000-7f05b4fcf000 r-xp 00250000 08:20 50160                      /usr/lib/jvm/java-17-openjdk-amd64/lib/server/libjvm.so
7f05b4fcf000-7f05b5252000 r--p 00fd4000 08:20 50160                      /usr/lib/jvm/java-17-openjdk-amd64/lib/server/libjvm.so
7f05b5252000-7f05b530a000 r--p 01256000 08:20 50160                      /usr/lib/jvm/java-17-openjdk-amd64/lib/server/libjvm.so
7f05b530a000-7f05b533f000 rw-p 0130e000 08:20 50160                      /usr/lib/jvm/java-17-openjdk-amd64/lib/server/libjvm.so
7f05b533f000-7f05b539c000 rw-p 00000000 00:00 0 
7f05b539c000-7f05b539e000 r--p 00000000 08:20 6844                       /usr/lib/x86_64-linux-gnu/libz.so.1.2.11
7f05b539e000-7f05b53af000 r-xp 00002000 08:20 6844                       /usr/lib/x86_64-linux-gnu/libz.so.1.2.11
7f05b53af000-7f05b53b5000 r--p 00013000 08:20 6844                       /usr/lib/x86_64-linux-gnu/libz.so.1.2.11
7f05b53b5000-7f05b53b6000 ---p 00019000 08:20 6844                       /usr/lib/x86_64-linux-gnu/libz.so.1.2.11
7f05b53b6000-7f05b53b7000 r--p 00019000 08:20 6844                       /usr/lib/x86_64-linux-gnu/libz.so.1.2.11
7f05b53b7000-7f05b53b8000 rw-p 0001a000 08:20 6844                       /usr/lib/x86_64-linux-gnu/libz.so.1.2.11
7f05b53b8000-7f05b53e0000 r--p 00000000 08:20 6488                       /usr/lib/x86_64-linux-gnu/libc.so.6
7f05b53e0000-7f05b5575000 r-xp 00028000 08:20 6488                       /usr/lib/x86_64-linux-gnu/libc.so.6
7f05b5575000-7f05b55cd000 r--p 001bd000 08:20 6488                       /usr/lib/x86_64-linux-gnu/libc.so.6
7f05b55cd000-7f05b55d1000 r--p 00214000 08:20 6488                       /usr/lib/x86_64-linux-gnu/libc.so.6
7f05b55d1000-7f05b55d3000 rw-p 00218000 08:20 6488                       /usr/lib/x86_64-linux-gnu/libc.so.6
7f05b55d3000-7f05b55e0000 rw-p 00000000 00:00 0 
7f05b55e0000-7f05b55e1000 r--p 00000000 08:20 2340                       /usr/lib/locale/C.utf8/LC_TELEPHONE
7f05b55e1000-7f05b55e2000 r--p 00000000 08:20 2333                       /usr/lib/locale/C.utf8/LC_MEASUREMENT
7f05b55e2000-7f05b55e3000 r--p 00000000 08:20 2332                       /usr/lib/locale/C.utf8/LC_IDENTIFICATION
7f05b55e3000-7f05b55e4000 ---p 00000000 00:00 0 
7f05b55e4000-7f05b55e5000 r--p 00000000 00:00 0 
7f05b55e5000-7f05b55e7000 r--p 00000000 08:20 50136                      /usr/lib/jvm/java-17-openjdk-amd64/lib/libjli.so
7f05b55e7000-7f05b55f1000 r-xp 00002000 08:20 50136                      /usr/lib/jvm/java-17-openjdk-amd64/lib/libjli.so
7f05b55f1000-7f05b55f4000 r--p 0000c000 08:20 50136                      /usr/lib/jvm/java-17-openjdk-amd64/lib/libjli.so
7f05b55f4000-7f05b55f5000 r--p 0000e000 08:20 50136                      /usr/lib/jvm/java-17-openjdk-amd64/lib/libjli.so
7f05b55f5000-7f05b55f6000 rw-p 0000f000 08:20 50136                      /usr/lib/jvm/java-17-openjdk-amd64/lib/libjli.so
7f05b55f6000-7f05b55f8000 rw-p 00000000 00:00 0 
7f05b55f8000-7f05b55fa000 r--p 00000000 08:20 6292                       /usr/lib/x86_64-linux-gnu/ld-linux-x86-64.so.2
7f05b55fa000-7f05b5624000 r-xp 00002000 08:20 6292                       /usr/lib/x86_64-linux-gnu/ld-linux-x86-64.so.2
7f05b5624000-7f05b562f000 r--p 0002c000 08:20 6292                       /usr/lib/x86_64-linux-gnu/ld-linux-x86-64.so.2
7f05b562f000-7f05b5630000 ---p 00000000 00:00 0 
7f05b5630000-7f05b5632000 r--p 00037000 08:20 6292                       /usr/lib/x86_64-linux-gnu/ld-linux-x86-64.so.2
7f05b5632000-7f05b5634000 rw-p 00039000 08:20 6292                       /usr/lib/x86_64-linux-gnu/ld-linux-x86-64.so.2
7fff72079000-7fff7209a000 rw-p 00000000 00:00 0                          [stack]
7fff721ab000-7fff721af000 r--p 00000000 00:00 0                          [vvar]
7fff721af000-7fff721b1000 r-xp 00000000 00:00 0                          [vdso]


VM Arguments:
jvm_args: -Dclassworlds.conf=/usr/share/maven/bin/m2.conf -Dmaven.home=/usr/share/maven -Dlibrary.jansi.path=/usr/share/maven/lib/jansi-native -Dmaven.multiModuleProjectDirectory=/mnt/c/Users/Alejandro/Desktop/ProyectoDistribuidos/my-app 
java_command: org.codehaus.plexus.classworlds.launcher.Launcher clean compile assembly:single
java_class_path (initial): /usr/share/maven/boot/plexus-classworlds-2.x.jar
Launcher Type: SUN_STANDARD

[Global flags]
     intx CICompilerCount                          = 3                                         {product} {ergonomic}
     uint ConcGCThreads                            = 2                                         {product} {ergonomic}
     uint G1ConcRefinementThreads                  = 6                                         {product} {ergonomic}
   size_t G1HeapRegionSize                         = 1048576                                   {product} {ergonomic}
    uintx GCDrainStackTargetSize                   = 64                                        {product} {ergonomic}
   size_t InitialHeapSize                          = 60817408                                  {product} {ergonomic}
   size_t MarkStackSize                            = 4194304                                   {product} {ergonomic}
   size_t MaxHeapSize                              = 943718400                                 {product} {ergonomic}
   size_t MaxNewSize                               = 566231040                                 {product} {ergonomic}
   size_t MinHeapDeltaBytes                        = 1048576                                   {product} {ergonomic}
   size_t MinHeapSize                              = 8388608                                   {product} {ergonomic}
    uintx NonNMethodCodeHeapSize                   = 5832780                                {pd product} {ergonomic}
    uintx NonProfiledCodeHeapSize                  = 122912730                              {pd product} {ergonomic}
    uintx ProfiledCodeHeapSize                     = 122912730                              {pd product} {ergonomic}
    uintx ReservedCodeCacheSize                    = 251658240                              {pd product} {ergonomic}
     bool SegmentedCodeCache                       = true                                      {product} {ergonomic}
   size_t SoftMaxHeapSize                          = 943718400                              {manageable} {ergonomic}
     bool UseCompressedClassPointers               = true                           {product lp64_product} {ergonomic}
     bool UseCompressedOops                        = true                           {product lp64_product} {ergonomic}
     bool UseG1GC                                  = true                                      {product} {ergonomic}

Logging:
Log output configuration:
 #0: stdout all=warning uptime,level,tags
 #1: stderr all=off uptime,level,tags

Environment Variables:
PATH=/usr/local/sbin:/usr/local/bin:/usr/sbin:/usr/bin:/sbin:/bin:/usr/games:/usr/local/games:/usr/lib/wsl/lib:/mnt/c/Program Files/Java/jdk-17.0.2/bin:/mnt/c/Program Files/Common Files/Oracle/Java/javapath:/mnt/c/Program Files (x86)/VMware/VMware Workstation/bin/:/mnt/c/Program Files (x86)/Common Files/Oracle/Java/javapath:/mnt/c/Python310/Scripts/:/mnt/c/Python310/:/mnt/c/Windows/system32:/mnt/c/Windows:/mnt/c/Windows/System32/Wbem:/mnt/c/Windows/System32/WindowsPowerShell/v1.0/:/mnt/c/Windows/System32/OpenSSH/:/mnt/c/Program Files/Microsoft VS Code/bin:/mnt/c/Program Files/Git/cmd:/mnt/c/Program Files/nodejs/:/mnt/c/ProgramData/chocolatey/bin:/mnt/c/Program Files/Microsoft SQL Server/Client SDK/ODBC/170/Tools/Binn/:/mnt/c/Program Files (x86)/Microsoft SQL Server/150/Tools/Binn/:/mnt/c/Program Files/Microsoft SQL Server/150/Tools/Binn/:/mnt/c/Program Files/Microsoft SQL Server/150/DTS/Binn/:/mnt/c/Program Files (x86)/Microsoft SQL Server/160/DTS/Binn/:/mnt/c/Program Files/Azure Data Studio/bin:/mnt/c/Program Files/MySQL/MySQL Shell 8.0/bin/:/mnt/c/Users/Alejandro/AppData/Local/Microsoft/WindowsApps:/mnt/c/Users/Alejandro/AppData/Roaming/npm:/mnt/c/MinGW/bin:/mnt/c/Program Files/Azure Data Studio/bin:/snap/bin
SHELL=/bin/bash
DISPLAY=:0
HOSTTYPE=x86_64
LANG=C.UTF-8
TERM=xterm-256color

Active Locale:
LC_ALL=C.UTF-8
LC_COLLATE=C.UTF-8
LC_CTYPE=C.UTF-8
LC_MESSAGES=C.UTF-8
LC_MONETARY=C.UTF-8
LC_NUMERIC=C.UTF-8
LC_TIME=C.UTF-8

Signal Handlers:
   SIGSEGV: crash_handler in libjvm.so, mask=11100100010111111101111111111110, flags=SA_RESTART|SA_SIGINFO, unblocked
    SIGBUS: crash_handler in libjvm.so, mask=11100100010111111101111111111110, flags=SA_RESTART|SA_SIGINFO, unblocked
    SIGFPE: crash_handler in libjvm.so, mask=11100100010111111101111111111110, flags=SA_RESTART|SA_SIGINFO, unblocked
   SIGPIPE: javaSignalHandler in libjvm.so, mask=11100100010111111101111111111110, flags=SA_RESTART|SA_SIGINFO, blocked
   SIGXFSZ: javaSignalHandler in libjvm.so, mask=11100100010111111101111111111110, flags=SA_RESTART|SA_SIGINFO, blocked
    SIGILL: crash_handler in libjvm.so, mask=11100100010111111101111111111110, flags=SA_RESTART|SA_SIGINFO, unblocked
   SIGUSR2: SR_handler in libjvm.so, mask=00000000000000000000000000000000, flags=SA_RESTART|SA_SIGINFO, blocked
    SIGHUP: UserHandler in libjvm.so, mask=11100100010111111101111111111110, flags=SA_RESTART|SA_SIGINFO, blocked
    SIGINT: UserHandler in libjvm.so, mask=11100100010111111101111111111110, flags=SA_RESTART|SA_SIGINFO, blocked
   SIGTERM: UserHandler in libjvm.so, mask=11100100010111111101111111111110, flags=SA_RESTART|SA_SIGINFO, blocked
   SIGQUIT: UserHandler in libjvm.so, mask=11100100010111111101111111111110, flags=SA_RESTART|SA_SIGINFO, blocked
   SIGTRAP: crash_handler in libjvm.so, mask=11100100010111111101111111111110, flags=SA_RESTART|SA_SIGINFO, unblocked


---------------  S Y S T E M  ---------------

OS:
DISTRIB_ID=Ubuntu
DISTRIB_RELEASE=22.04
DISTRIB_CODENAME=jammy
DISTRIB_DESCRIPTION="Ubuntu 22.04.2 LTS"
uname: Linux 5.15.90.1-microsoft-standard-WSL2 #1 SMP Fri Jan 27 02:56:13 UTC 2023 x86_64
OS uptime: 0 days 0:00 hours
libc: glibc 2.35 NPTL 2.35 
rlimit (soft/hard): STACK 8192k/infinity , CORE 0k/infinity , NPROC 14368/14368 , NOFILE 1048576/1048576 , AS infinity/infinity , CPU infinity/infinity , DATA infinity/infinity , FSIZE infinity/infinity , MEMLOCK 65536k/65536k
load average: 0.36 0.08 0.03

/proc/meminfo:
MemTotal:        3684716 kB
MemFree:         3142648 kB
MemAvailable:    3161044 kB
Buffers:           16140 kB
Cached:           131684 kB
SwapCached:            0 kB
Active:            35792 kB
Inactive:         246728 kB
Active(anon):       1688 kB
Inactive(anon):   135272 kB
Active(file):      34104 kB
Inactive(file):   111456 kB
Unevictable:           0 kB
Mlocked:               0 kB
SwapTotal:       1048576 kB
SwapFree:        1048576 kB
Dirty:               116 kB
Writeback:             0 kB
AnonPages:        134736 kB
Mapped:            62648 kB
Shmem:              2260 kB
KReclaimable:      21608 kB
Slab:              52808 kB
SReclaimable:      21608 kB
SUnreclaim:        31200 kB
KernelStack:        2736 kB
PageTables:         1528 kB
NFS_Unstable:          0 kB
Bounce:                0 kB
WritebackTmp:          0 kB
CommitLimit:     2890932 kB
Committed_AS:     382732 kB
VmallocTotal:   34359738367 kB
VmallocUsed:       22160 kB
VmallocChunk:          0 kB
Percpu:             2176 kB
AnonHugePages:     59392 kB
ShmemHugePages:        0 kB
ShmemPmdMapped:        0 kB
FileHugePages:         0 kB
FilePmdMapped:         0 kB
HugePages_Total:       0
HugePages_Free:        0
HugePages_Rsvd:        0
HugePages_Surp:        0
Hugepagesize:       2048 kB
Hugetlb:               0 kB
DirectMap4k:       19456 kB
DirectMap2M:     2791424 kB
DirectMap1G:     9437184 kB

/sys/kernel/mm/transparent_hugepage/enabled: [always] madvise never
/sys/kernel/mm/transparent_hugepage/defrag (defrag/compaction efforts parameter): always defer defer+madvise [madvise] never

Process Memory:
Virtual Size: 4135636K (peak: 4197176K)
Resident Set Size: 132592K (peak: 132592K) (anon: 104496K, file: 28096K, shmem: 0K)
Swapped out: 0K
C-Heap outstanding allocations: 27350K, retained: 20901K
glibc malloc tunables: (default)

/proc/sys/kernel/threads-max (system-wide limit on the number of threads): 28736
/proc/sys/vm/max_map_count (maximum number of memory map areas a process may have): 65530
/proc/sys/kernel/pid_max (system-wide limit on number of process identifiers): 32768

container (cgroup) information:
container_type: cgroupv1
cpu_cpuset_cpus: 0-5
cpu_memory_nodes: 0
active_processor_count: 6
cpu_quota: no quota
cpu_period: 100000
cpu_shares: no shares
memory_limit_in_bytes: unlimited
memory_and_swap_limit_in_bytes: unlimited
memory_soft_limit_in_bytes: unlimited
memory_usage_in_bytes: 282560 k
memory_max_usage_in_bytes: unlimited
kernel_memory_usage_in_bytes: unlimited
kernel_memory_max_usage_in_bytes: unlimited
kernel_memory_limit_in_bytes: unlimited
maximum number of tasks: not supported
current number of tasks: not supported

Hyper-V virtualization detected
Steal ticks since vm start: 0
Steal ticks percentage since vm start:  0.000

CPU: total 6 (initial active 6) (8 cores per cpu, 1 threads per core) family 23 model 96 stepping 1 microcode 0xffffffff, cx8, cmov, fxsr, mmx, 3dnowpref, sse, sse2, sse3, ssse3, sse4a, sse4.1, sse4.2, popcnt, lzcnt, tsc, tscinvbit, avx, avx2, aes, clmul, bmi1, bmi2, adx, sha, fma, vzeroupper, clflush, clflushopt, hv
CPU Model and flags from /proc/cpuinfo:
model name	: AMD Ryzen 5 4500U with Radeon Graphics
flags		: fpu vme de pse tsc msr pae mce cx8 apic sep mtrr pge mca cmov pat pse36 clflush mmx fxsr sse sse2 ht syscall nx mmxext fxsr_opt pdpe1gb rdtscp lm constant_tsc rep_good nopl tsc_reliable nonstop_tsc cpuid extd_apicid pni pclmulqdq ssse3 fma cx16 sse4_1 sse4_2 movbe popcnt aes xsave avx f16c rdrand hypervisor lahf_lm cmp_legacy cr8_legacy abm sse4a misalignsse 3dnowprefetch osvw topoext ssbd ibrs ibpb stibp vmmcall fsgsbase bmi1 avx2 smep bmi2 rdseed adx smap clflushopt clwb sha_ni xsaveopt xsavec xgetbv1 xsaves clzero xsaveerptr virt_ssbd arat umip rdpid

Online cpus: 0-5
Offline cpus: 
BIOS frequency limitation: <Not Available>
Frequency switch latency (ns): <Not Available>
Available cpu frequencies: <Not Available>
Current governor: <Not Available>
Core performance/turbo boost: <Not Available>

Memory: 4k page, physical 3684716k(3142648k free), swap 1048576k(1048576k free)
Page Sizes: 4k

vm_info: OpenJDK 64-Bit Server VM (17.0.7+7-Ubuntu-0ubuntu122.04.2) for linux-amd64 JRE (17.0.7+7-Ubuntu-0ubuntu122.04.2), built on May 10 2023 04:02:16 by "buildd" with gcc 11.3.0

END.
